# vsim "+nowarnTSCALE" -lib work -novopt -do "run.do" -c -l sim_fwdpipe.log tb_pipe 
# Start time: 22:57:49 on Jun 15,2025
# ** Warning: (vsim-8891) All optimizations are turned off because the -novopt switch is in effect. This will cause your simulation to run very slowly. If you are using this switch to preserve visibility for Debug or PLI features please see the User's Manual section on Preserving Object Visibility with vopt.
# //  Questa Sim-64
# //  Version 10.6c win64 Jul 26 2017
# //
# //  Copyright 1991-2017 Mentor Graphics Corporation
# //  All Rights Reserved.
# //
# //  QuestaSim and its associated documentation contain trade
# //  secrets and commercial or financial information that are the property of
# //  Mentor Graphics Corporation and are privileged, confidential,
# //  and exempt from disclosure under the Freedom of Information Act,
# //  5 U.S.C. Section 552. Furthermore, this information
# //  is prohibited from disclosure under the Trade Secrets Act,
# //  18 U.S.C. Section 1905.
# //
# Refreshing C:/Users/wkk/Desktop/verilog-cbb/sim/sim_pipe/work.tb_pipe
# Loading sv_std.std
# Loading work.tb_pipe
# Refreshing C:/Users/wkk/Desktop/verilog-cbb/sim/sim_pipe/work.fwdpipe
# Loading work.fwdpipe
# do run.do
# data len:       1000
# successfully!
# ** Note: $finish    : ./tb_pipe.sv(104)
#    Time: 65755 ns  Iteration: 1  Instance: /tb_pipe
# End time: 22:57:50 on Jun 15,2025, Elapsed time: 0:00:01
# Errors: 0, Warnings: 1
